{"name":"Runs Cucumber Scenarios","status":"skipped","statusDetails":{"known":false,"muted":false,"flaky":false,"message":"cucumber.api.PendingException: TODO: implement me\r\n\tat qa.oneCSAndroid.stepdefs.OneCS_Mobile_StepDefs.user_should_not_see_screen_for_Android(OneCS_Mobile_StepDefs.java:774)\r\n\tat ✽.user should not see \"ACCOUNT_MANAGEMENT\" screen for Android(file:src/test/resources/selenium-app/device/feature/Android/Account%20Management.feature:27)\r\n","trace":"org.testng.SkipException: cucumber.api.PendingException: TODO: implement me\r\n\tat qa.oneCSAndroid.stepdefs.OneCS_Mobile_StepDefs.user_should_not_see_screen_for_Android(OneCS_Mobile_StepDefs.java:774)\r\n\tat ✽.user should not see \"ACCOUNT_MANAGEMENT\" screen for Android(file:src/test/resources/selenium-app/device/feature/Android/Account%20Management.feature:27)\r\n\r\n\tat io.cucumber.testng.TestCaseResultListener.getError(TestCaseResultListener.java:54)\r\n\tat io.cucumber.testng.TestNGCucumberRunner.runScenario(TestNGCucumberRunner.java:73)\r\n\tat io.cucumber.testng.AbstractTestNGCucumberTests.runScenario(AbstractTestNGCucumberTests.java:24)\r\n\tat java.base/jdk.internal.reflect.NativeMethodAccessorImpl.invoke0(Native Method)\r\n\tat java.base/jdk.internal.reflect.NativeMethodAccessorImpl.invoke(NativeMethodAccessorImpl.java:77)\r\n\tat java.base/jdk.internal.reflect.DelegatingMethodAccessorImpl.invoke(DelegatingMethodAccessorImpl.java:43)\r\n\tat java.base/java.lang.reflect.Method.invoke(Method.java:568)\r\n\tat org.testng.internal.MethodInvocationHelper.invokeMethod(MethodInvocationHelper.java:133)\r\n\tat org.testng.internal.TestInvoker.invokeMethod(TestInvoker.java:584)\r\n\tat org.testng.internal.TestInvoker.invokeTestMethod(TestInvoker.java:172)\r\n\tat org.testng.internal.MethodRunner.runInSequence(MethodRunner.java:46)\r\n\tat org.testng.internal.TestInvoker$MethodInvocationAgent.invoke(TestInvoker.java:804)\r\n\tat org.testng.internal.TestInvoker.invokeTestMethods(TestInvoker.java:145)\r\n\tat org.testng.internal.TestMethodWorker.invokeTestMethods(TestMethodWorker.java:146)\r\n\tat org.testng.internal.TestMethodWorker.run(TestMethodWorker.java:128)\r\n\tat java.base/java.util.ArrayList.forEach(ArrayList.java:1511)\r\n\tat org.testng.TestRunner.privateRun(TestRunner.java:770)\r\n\tat org.testng.TestRunner.run(TestRunner.java:591)\r\n\tat org.testng.SuiteRunner.runTest(SuiteRunner.java:402)\r\n\tat org.testng.SuiteRunner.runSequentially(SuiteRunner.java:396)\r\n\tat org.testng.SuiteRunner.privateRun(SuiteRunner.java:355)\r\n\tat org.testng.SuiteRunner.run(SuiteRunner.java:304)\r\n\tat org.testng.SuiteRunnerWorker.runSuite(SuiteRunnerWorker.java:53)\r\n\tat org.testng.SuiteRunnerWorker.run(SuiteRunnerWorker.java:96)\r\n\tat org.testng.TestNG.runSuitesSequentially(TestNG.java:1180)\r\n\tat org.testng.TestNG.runSuitesLocally(TestNG.java:1102)\r\n\tat org.testng.TestNG.runSuites(TestNG.java:1032)\r\n\tat org.testng.TestNG.run(TestNG.java:1000)\r\n\tat org.testng.remote.AbstractRemoteTestNG.run(AbstractRemoteTestNG.java:115)\r\n\tat org.testng.remote.RemoteTestNG.initAndRun(RemoteTestNG.java:251)\r\n\tat org.testng.remote.RemoteTestNG.main(RemoteTestNG.java:77)\r\nCaused by: cucumber.api.PendingException: TODO: implement me\r\n\tat qa.oneCSAndroid.stepdefs.OneCS_Mobile_StepDefs.user_should_not_see_screen_for_Android(OneCS_Mobile_StepDefs.java:774)\r\n\tat ✽.user should not see \"ACCOUNT_MANAGEMENT\" screen for Android(file:src/test/resources/selenium-app/device/feature/Android/Account%20Management.feature:27)\r\n"},"stage":"finished","steps":[],"attachments":[],"parameters":[{"name":"arg1","value":"\"Account Management Screen\""},{"name":"arg0","value":"\"verify the details displayed on the Sign In Welcome Screen\""}],"start":1669632699869,"stop":1669632748694,"uuid":"eb6de084-2115-483a-a8fc-5deb418e78cc","historyId":"459d615bb77cfcd061302ba83311725d","fullName":"io.cucumber.testng.AbstractTestNGCucumberTests.runScenario","labels":[{"name":"package","value":"qa.framework.runner.RunCucumberTest"},{"name":"testClass","value":"qa.framework.runner.RunCucumberTest"},{"name":"testMethod","value":"runScenario"},{"name":"parentSuite","value":"Default suite"},{"name":"suite","value":"Default test"},{"name":"subSuite","value":"qa.framework.runner.RunCucumberTest"},{"name":"host","value":"AkILeShKiNgS"},{"name":"thread","value":"4100@AkILeShKiNgS.main(1)"},{"name":"framework","value":"testng"},{"name":"language","value":"java"}],"links":[]}